[2021-07-30T06:26:15.234Z] [PAYTM] INFO [NODE-SDK1.0.0] <MerchantProperties>: initialize called
[2021-07-30T06:26:15.236Z] [PAYTM] INFO [NODE-SDK1.0.0] <MerchantProperties>: Setting Environment for STAGE
[2021-07-30T06:26:15.238Z] [PAYTM] INFO [NODE-SDK:1.0.0:c9f27250-03f9-4a3e-b2b3-03c1ed3d65cc] <Payment>: In createTxnToken PaymentDetail: {"channelId":"WEB","orderId":"order-1234","txnAmount":{"currency":"INR","value":"10.00"},"userInfo":{"custId":"customer-1234","address":"cust-address","email":"pratyushranjan02@gmail.com","firstName":"Pratyush","lastName":"Ranjan","mobile":"6206774459","pincode":"812001"},"readTimeout":80000}
[2021-07-30T06:26:15.238Z] [PAYTM] INFO [NODE-SDK:1.0.0:c9f27250-03f9-4a3e-b2b3-03c1ed3d65cc] <Payment>: validatePaymentDetailsObject for object: {"channelId":"WEB","orderId":"order-1234","txnAmount":{"currency":"INR","value":"10.00"},"userInfo":{"custId":"customer-1234","address":"cust-address","email":"pratyushranjan02@gmail.com","firstName":"Pratyush","lastName":"Ranjan","mobile":"6206774459","pincode":"812001"},"readTimeout":80000}
[2021-07-30T06:26:15.239Z] [PAYTM] INFO [NODE-SDK:1.0.0:c9f27250-03f9-4a3e-b2b3-03c1ed3d65cc] <Payment>:  validatePaymentDetailsObject returns true 
[2021-07-30T06:26:15.239Z] [PAYTM] INFO [NODE-SDK:1.0.0:c9f27250-03f9-4a3e-b2b3-03c1ed3d65cc] <CommonUtil>: In getSecureRequestHeader
[2021-07-30T06:26:15.240Z] [PAYTM] INFO [NODE-SDK:1.0.0:c9f27250-03f9-4a3e-b2b3-03c1ed3d65cc] <Payment>: InitiateTransactionRequest object {"head":{"version":"v2","channelId":"WEB","requestTimestamp":"1627626375239","signature":null},"body":{"requestType":"Payment","mid":"nebwCk46137302578889","orderId":"order-1234","websiteName":"client-1234","txnAmount":{"currency":"INR","value":"10.00"},"userInfo":{"custId":"customer-1234","address":"cust-address","email":"pratyushranjan02@gmail.com","firstName":"Pratyush","lastName":"Ranjan","mobile":"6206774459","pincode":"812001"},"callbackUrl":"https://www.youtube.com"}}
[2021-07-30T06:26:15.240Z] [PAYTM] INFO [NODE-SDK:1.0.0:c9f27250-03f9-4a3e-b2b3-03c1ed3d65cc] <EncDecUtil>: generateSignature() called
[2021-07-30T06:26:15.241Z] [PAYTM] INFO [NODE-SDK:1.0.0:c9f27250-03f9-4a3e-b2b3-03c1ed3d65cc] <EncDecUtil>: generateRandomString() called
[2021-07-30T06:26:15.247Z] [PAYTM] INFO [NODE-SDK:1.0.0:c9f27250-03f9-4a3e-b2b3-03c1ed3d65cc] <EncDecUtil>: generateSalt returns: DgRI
[2021-07-30T06:26:15.250Z] [PAYTM] INFO [NODE-SDK:1.0.0:c9f27250-03f9-4a3e-b2b3-03c1ed3d65cc] <EncDecUtil>: getChecksumFromString returns: 1dx32fLTzI2mwmmn7+5FJTGOjshS+zAim+G2M0eyXg2UkOR1fv1b+OOhbsl7FDU5cHP5Qp8q4BolPltEJUc7g+ktwZCRvLnWK+rhZYHW980=
[2021-07-30T06:26:15.251Z] [PAYTM] INFO [NODE-SDK:1.0.0:c9f27250-03f9-4a3e-b2b3-03c1ed3d65cc] <Request>: process for request: {"head":{"version":"v2","channelId":"WEB","requestTimestamp":"1627626375239","signature":"1dx32fLTzI2mwmmn7+5FJTGOjshS+zAim+G2M0eyXg2UkOR1fv1b+OOhbsl7FDU5cHP5Qp8q4BolPltEJUc7g+ktwZCRvLnWK+rhZYHW980="},"body":{"requestType":"Payment","mid":"nebwCk46137302578889","orderId":"order-1234","websiteName":"client-1234","txnAmount":{"currency":"INR","value":"10.00"},"userInfo":{"custId":"customer-1234","address":"cust-address","email":"pratyushranjan02@gmail.com","firstName":"Pratyush","lastName":"Ranjan","mobile":"6206774459","pincode":"812001"},"callbackUrl":"https://www.youtube.com"}}
[2021-07-30T06:26:15.251Z] [PAYTM] INFO [NODE-SDK:1.0.0:c9f27250-03f9-4a3e-b2b3-03c1ed3d65cc] <Request>: executeCurl called 
[2021-07-30T06:26:15.251Z] [PAYTM] INFO [NODE-SDK:1.0.0:c9f27250-03f9-4a3e-b2b3-03c1ed3d65cc] <Request>: will make API call to: https://securegw-stage.paytm.in/theia/api/v1/initiateTransaction?mid=nebwCk46137302578889&orderId=order-1234
[2021-07-30T06:26:19.019Z] [PAYTM] INFO [NODE-SDK:1.0.0:c9f27250-03f9-4a3e-b2b3-03c1ed3d65cc] <Request>: API response received upon successful execution: {"head":{"requestId":null,"responseTimestamp":"1627626379399","version":"v1"},"body":{"extraParamsMap":null,"resultInfo":{"resultStatus":"F","resultCode":"9999","resultMsg":"Something went wrong"}}}
[2021-07-30T06:26:19.020Z] [PAYTM] INFO [NODE-SDK:1.0.0:c9f27250-03f9-4a3e-b2b3-03c1ed3d65cc] <Request>: Raw Response: {"head":{"requestId":null,"responseTimestamp":"1627626379399","version":"v1"},"body":{"extraParamsMap":null,"resultInfo":{"resultStatus":"F","resultCode":"9999","resultMsg":"Something went wrong"}}}
[2021-07-30T06:26:19.021Z] [PAYTM] INFO [NODE-SDK:1.0.0:c9f27250-03f9-4a3e-b2b3-03c1ed3d65cc] <Request>: Response Data Object: {"head":{"responseTimestamp":"1627626379399","version":"v1"},"body":{"resultInfo":{"resultStatus":"F","resultMsg":"Something went wrong","resultCode":"9999"},"extraParamsMap":null}}
[2021-07-30T06:26:19.021Z] [PAYTM] INFO [NODE-SDK:1.0.0:c9f27250-03f9-4a3e-b2b3-03c1ed3d65cc] <Request>: Execution completed with raw json response: {"head":{"requestId":null,"responseTimestamp":"1627626379399","version":"v1"},"body":{"extraParamsMap":null,"resultInfo":{"resultStatus":"F","resultCode":"9999","resultMsg":"Something went wrong"}}}
[2021-07-30T06:27:51.676Z] [PAYTM] INFO [NODE-SDK:1.0.0:ce6bd681-88f8-4235-8fb8-4f97bca39708] <Payment>:  MerchantProperties are not initialized 
[2021-07-30T06:27:51.677Z] [PAYTM] CRITICAL [NODE-SDK:1.0.0:ce6bd681-88f8-4235-8fb8-4f97bca39708] <SDKException>: Missing merchant property
[2021-07-30T06:27:51.677Z] [PAYTM] CRITICAL [NODE-SDK:1.0.0:ce6bd681-88f8-4235-8fb8-4f97bca39708] <SDKException>: SDKException's msg Missing merchant property
[2021-07-30T06:27:51.678Z] [PAYTM] CRITICAL [NODE-SDK:1.0.0:ce6bd681-88f8-4235-8fb8-4f97bca39708] <CommonUtil>: getSDKResponse with exception : {"message":"Missing merchant property"}
[2021-07-30T06:27:51.678Z] [PAYTM] CRITICAL [NODE-SDK:1.0.0:ce6bd681-88f8-4235-8fb8-4f97bca39708] <CommonUtil>: Exception instanceof SDKException with rawData : undefined
[2021-07-30T06:28:49.917Z] [PAYTM] INFO [NODE-SDK:1.0.0:f8be5f0d-9d98-4be4-8529-9afc1d44c474] <Payment>:  MerchantProperties are not initialized 
[2021-07-30T06:28:49.918Z] [PAYTM] CRITICAL [NODE-SDK:1.0.0:f8be5f0d-9d98-4be4-8529-9afc1d44c474] <SDKException>: Missing merchant property
[2021-07-30T06:28:49.919Z] [PAYTM] CRITICAL [NODE-SDK:1.0.0:f8be5f0d-9d98-4be4-8529-9afc1d44c474] <SDKException>: SDKException's msg Missing merchant property
[2021-07-30T06:28:49.919Z] [PAYTM] CRITICAL [NODE-SDK:1.0.0:f8be5f0d-9d98-4be4-8529-9afc1d44c474] <CommonUtil>: getSDKResponse with exception : {"message":"Missing merchant property"}
[2021-07-30T06:28:49.919Z] [PAYTM] CRITICAL [NODE-SDK:1.0.0:f8be5f0d-9d98-4be4-8529-9afc1d44c474] <CommonUtil>: Exception instanceof SDKException with rawData : undefined
[2021-07-30T06:30:48.040Z] [PAYTM] INFO [NODE-SDK:1.0.0:77273e89-e78c-4e9e-bdbc-4316ddaf277e] <Payment>:  MerchantProperties are not initialized 
[2021-07-30T06:30:48.043Z] [PAYTM] CRITICAL [NODE-SDK:1.0.0:77273e89-e78c-4e9e-bdbc-4316ddaf277e] <SDKException>: Missing merchant property
[2021-07-30T06:30:48.043Z] [PAYTM] CRITICAL [NODE-SDK:1.0.0:77273e89-e78c-4e9e-bdbc-4316ddaf277e] <SDKException>: SDKException's msg Missing merchant property
[2021-07-30T06:30:48.044Z] [PAYTM] CRITICAL [NODE-SDK:1.0.0:77273e89-e78c-4e9e-bdbc-4316ddaf277e] <CommonUtil>: getSDKResponse with exception : {"message":"Missing merchant property"}
[2021-07-30T06:30:48.044Z] [PAYTM] CRITICAL [NODE-SDK:1.0.0:77273e89-e78c-4e9e-bdbc-4316ddaf277e] <CommonUtil>: Exception instanceof SDKException with rawData : undefined
